{"name": "test_entity_configuration", "status": "broken", "statusDetails": {"message": "selenium.common.exceptions.TimeoutException: Message:", "trace": "@pytest.mark.dependency(depends=[\"test_check_entity_configuration\"])\n    def test_entity_configuration():\n        Entity.choose_datasource()\n>       Entity.placeholder_query()\n\ntest_Main.py:43: \n_ _ _ _ _ _ _ _ _ _ _ _ _ _ _ _ _ _ _ _ _ _ _ _ _ _ _ _ _ _ _ _ _ _ _ _ _ _ _ _ _ _ _ _ _ _ _ _ _ _ _ _ _ _ _ _ _ _ _ _ _ _ _ _ _ _ _ _ _ _ _ _ _ _ _ _ _ _ _ _ _ _ _ _ _ _ _ _ _ _ _ _ _ _ _ _ _ _ _ _ _ _ _ _ _ _ _ _ _ _ _ _ _ _ _ _ _ _ _ _ _ _ _ _ _ _ _ _ _ _ _ _ \ntest_Entity_Conf.py:139: in placeholder_query\n    query = self.wait.until(ec.visibility_of_element_located(self.QUERY_PAN))\n_ _ _ _ _ _ _ _ _ _ _ _ _ _ _ _ _ _ _ _ _ _ _ _ _ _ _ _ _ _ _ _ _ _ _ _ _ _ _ _ _ _ _ _ _ _ _ _ _ _ _ _ _ _ _ _ _ _ _ _ _ _ _ _ _ _ _ _ _ _ _ _ _ _ _ _ _ _ _ _ _ _ _ _ _ _ _ _ _ _ _ _ _ _ _ _ _ _ _ _ _ _ _ _ _ _ _ _ _ _ _ _ _ _ _ _ _ _ _ _ _ _ _ _ _ _ _ _ _ _ _ _ \n\nself = <selenium.webdriver.support.wait.WebDriverWait (session=\"808781ebae151e8854eca770010e2e06\")>, method = <selenium.webdriver.support.expected_conditions.visibility_of_element_located object at 0x00000000049F1CF8>, message = ''\n\n    def until(self, method, message=''):\n        \"\"\"Calls the method provided with the driver as an argument until the \\\n        return value is not False.\"\"\"\n        screen = None\n        stacktrace = None\n    \n        end_time = time.time() + self._timeout\n        while True:\n            try:\n                value = method(self._driver)\n                if value:\n                    return value\n            except self._ignored_exceptions as exc:\n                screen = getattr(exc, 'screen', None)\n                stacktrace = getattr(exc, 'stacktrace', None)\n            time.sleep(self._poll)\n            if time.time() > end_time:\n                break\n>       raise TimeoutException(message, screen, stacktrace)\nE       selenium.common.exceptions.TimeoutException: Message:\n\n..\\appdata\\local\\programs\\python\\python36\\python\\env\\doris3\\lib\\site-packages\\selenium\\webdriver\\support\\wait.py:80: TimeoutException"}, "attachments": [{"name": "stdout", "source": "76e450b0-8857-4050-81ea-c7d42804f3aa-attachment.txt", "type": "text/plain"}], "start": 1577806708316, "stop": 1577806741733, "uuid": "729e0725-bbaf-46cf-b0f9-661beedd4d50", "historyId": "13f2ca3a61c7f7746e69916097a811fa", "testCaseId": "67252a697d36330f0b794c1d0a68e691", "fullName": "test_Main#test_entity_configuration", "labels": [{"name": "suite", "value": "test_Main"}, {"name": "host", "value": "imac-055"}, {"name": "thread", "value": "9772-MainThread"}, {"name": "framework", "value": "pytest"}, {"name": "language", "value": "cpython3"}, {"name": "package", "value": "test_Main"}]}